<?xml version="1.0" encoding="UTF-8"?>
<!-- Generated by org.testng.reporters.JUnitReportReporter -->
<testsuite hostname="Shriram" name="appiumtest.Test1" tests="1" failures="0" timestamp="19 Jul 2017 03:30:31 GMT" time="0.007" errors="0">
  <testcase name="f" time="0.007" classname="appiumtest.Test1"/>
</testsuite> <!-- appiumtest.Test1 -->
